D:\POLIBUDA\IV SEMESTR\METODY NUMERYCZNE\PROJEKT\2\MN_PROJEKT_2\DEBUG\MNPROJ2.OBJ
D:\POLIBUDA\IV SEMESTR\METODY NUMERYCZNE\PROJEKT\2\MN_PROJEKT_2\DEBUG\VC110.PDB
D:\POLIBUDA\IV SEMESTR\METODY NUMERYCZNE\PROJEKT\2\MN_PROJEKT_2\DEBUG\MN_PROJEKT_2.ILK
D:\POLIBUDA\IV SEMESTR\METODY NUMERYCZNE\PROJEKT\2\MN_PROJEKT_2\DEBUG\MN_PROJEKT_2.EXE
D:\POLIBUDA\IV SEMESTR\METODY NUMERYCZNE\PROJEKT\2\MN_PROJEKT_2\DEBUG\MN_PROJEKT_2.PDB
D:\Polibuda\IV semestr\Metody Numeryczne\Projekt\2\MN_Projekt_2\Debug\mnproj2.obj
D:\Polibuda\IV semestr\Metody Numeryczne\Projekt\2\MN_Projekt_2\Debug\MN_Projekt_2.ilk
D:\Polibuda\IV semestr\Metody Numeryczne\Projekt\2\MN_Projekt_2\Debug\cl.command.1.tlog
D:\Polibuda\IV semestr\Metody Numeryczne\Projekt\2\MN_Projekt_2\Debug\CL.read.1.tlog
D:\Polibuda\IV semestr\Metody Numeryczne\Projekt\2\MN_Projekt_2\Debug\CL.write.1.tlog
D:\Polibuda\IV semestr\Metody Numeryczne\Projekt\2\MN_Projekt_2\Debug\link-cvtres.read.1.tlog
D:\Polibuda\IV semestr\Metody Numeryczne\Projekt\2\MN_Projekt_2\Debug\link-cvtres.write.1.tlog
D:\Polibuda\IV semestr\Metody Numeryczne\Projekt\2\MN_Projekt_2\Debug\link-rc.read.1.tlog
D:\Polibuda\IV semestr\Metody Numeryczne\Projekt\2\MN_Projekt_2\Debug\link-rc.write.1.tlog
D:\Polibuda\IV semestr\Metody Numeryczne\Projekt\2\MN_Projekt_2\Debug\link.command.1.tlog
D:\Polibuda\IV semestr\Metody Numeryczne\Projekt\2\MN_Projekt_2\Debug\link.read.1.tlog
D:\Polibuda\IV semestr\Metody Numeryczne\Projekt\2\MN_Projekt_2\Debug\link.write.1.tlog
D:\Polibuda\IV semestr\Metody Numeryczne\Projekt\2\MN_Projekt_2\Debug\vc110.idb
D:\Polibuda\IV semestr\Metody Numeryczne\Projekt\2\MN_Projekt_2\Debug\MN_Projekt_2.pdb
D:\Polibuda\IV semestr\Metody Numeryczne\Projekt\2\MN_Projekt_2\Debug\vc110.pdb
D:\Polibuda\IV semestr\Metody Numeryczne\Projekt\2\MN_Projekt_2\Debug\MN_Projekt_2.exe
